<?xml version="1.0" encoding="UTF-8"?>
<!-- Generated by org.testng.reporters.JUnitReportReporter -->
<testsuite hostname="NOI-665BNN2" name="com.searchmodule.tests.SearchTest" tests="4" failures="0" timestamp="3 Jun 2020 10:37:56 GMT" time="100.685" errors="0">
  <testcase name="search" time="39.712" classname="com.searchmodule.tests.SearchTest"/>
  <testcase name="search" time="16.021" classname="com.searchmodule.tests.SearchTest"/>
  <testcase name="search" time="27.332" classname="com.searchmodule.tests.SearchTest"/>
  <testcase name="search" time="17.620" classname="com.searchmodule.tests.SearchTest"/>
</testsuite> <!-- com.searchmodule.tests.SearchTest -->
